2023-12-05 02:58:48,915 INFO c.e.e.ESmartRecruitApplication [main] Starting ESmartRecruitApplication v0.0.1-SNAPSHOT using Java 20.0.1 with PID 14036 (C:\Users\huynh\OneDrive\Máy tính\nam4ki1\cloud\eSmartRecruit\eSmartRecruit\target\eSmartRecruit-0.0.1-SNAPSHOT.jar started by huynh in C:\Users\huynh\OneDrive\Máy tính\nam4ki1\cloud\eSmartRecruit\eSmartRecruit\target)
2023-12-05 02:58:48,917 DEBUG c.e.e.ESmartRecruitApplication [main] Running with Spring Boot v3.1.4, Spring v6.0.12
2023-12-05 02:58:48,918 INFO c.e.e.ESmartRecruitApplication [main] No active profile set, falling back to 1 default profile: "default"
2023-12-05 02:58:49,921 INFO o.s.d.r.c.RepositoryConfigurationDelegate [main] Multiple Spring Data modules found, entering strict repository configuration mode
2023-12-05 02:58:49,922 INFO o.s.d.r.c.RepositoryConfigurationDelegate [main] Bootstrapping Spring Data Redis repositories in DEFAULT mode.
2023-12-05 02:58:49,947 INFO o.s.d.r.c.RepositoryConfigurationDelegate [main] Finished Spring Data repository scanning in 6 ms. Found 0 Redis repository interfaces.
2023-12-05 02:58:50,276 INFO o.s.d.r.c.RepositoryConfigurationDelegate [main] Multiple Spring Data modules found, entering strict repository configuration mode
2023-12-05 02:58:50,278 INFO o.s.d.r.c.RepositoryConfigurationDelegate [main] Bootstrapping Spring Data JPA repositories in DEFAULT mode.
2023-12-05 02:58:50,510 INFO o.s.d.r.c.RepositoryConfigurationDelegate [main] Finished Spring Data repository scanning in 225 ms. Found 6 JPA repository interfaces.
2023-12-05 02:58:50,521 INFO o.s.d.r.c.RepositoryConfigurationDelegate [main] Multiple Spring Data modules found, entering strict repository configuration mode
2023-12-05 02:58:50,522 INFO o.s.d.r.c.RepositoryConfigurationDelegate [main] Bootstrapping Spring Data Redis repositories in DEFAULT mode.
2023-12-05 02:58:50,532 INFO o.s.d.r.c.RepositoryConfigurationExtensionSupport [main] Spring Data Redis - Could not safely identify store assignment for repository candidate interface com.example.eSmartRecruit.repositories.ApplicationRepos; If you want this repository to be a Redis repository, consider annotating your entities with one of these annotations: org.springframework.data.redis.core.RedisHash (preferred), or consider extending one of the following types with your repository: org.springframework.data.keyvalue.repository.KeyValueRepository
2023-12-05 02:58:50,532 INFO o.s.d.r.c.RepositoryConfigurationExtensionSupport [main] Spring Data Redis - Could not safely identify store assignment for repository candidate interface com.example.eSmartRecruit.repositories.InterviewSessionRepos; If you want this repository to be a Redis repository, consider annotating your entities with one of these annotations: org.springframework.data.redis.core.RedisHash (preferred), or consider extending one of the following types with your repository: org.springframework.data.keyvalue.repository.KeyValueRepository
2023-12-05 02:58:50,533 INFO o.s.d.r.c.RepositoryConfigurationExtensionSupport [main] Spring Data Redis - Could not safely identify store assignment for repository candidate interface com.example.eSmartRecruit.repositories.PositionRepos; If you want this repository to be a Redis repository, consider annotating your entities with one of these annotations: org.springframework.data.redis.core.RedisHash (preferred), or consider extending one of the following types with your repository: org.springframework.data.keyvalue.repository.KeyValueRepository
2023-12-05 02:58:50,533 INFO o.s.d.r.c.RepositoryConfigurationExtensionSupport [main] Spring Data Redis - Could not safely identify store assignment for repository candidate interface com.example.eSmartRecruit.repositories.ReportRepos; If you want this repository to be a Redis repository, consider annotating your entities with one of these annotations: org.springframework.data.redis.core.RedisHash (preferred), or consider extending one of the following types with your repository: org.springframework.data.keyvalue.repository.KeyValueRepository
2023-12-05 02:58:50,534 INFO o.s.d.r.c.RepositoryConfigurationExtensionSupport [main] Spring Data Redis - Could not safely identify store assignment for repository candidate interface com.example.eSmartRecruit.repositories.SkillRepos; If you want this repository to be a Redis repository, consider annotating your entities with one of these annotations: org.springframework.data.redis.core.RedisHash (preferred), or consider extending one of the following types with your repository: org.springframework.data.keyvalue.repository.KeyValueRepository
2023-12-05 02:58:50,535 INFO o.s.d.r.c.RepositoryConfigurationExtensionSupport [main] Spring Data Redis - Could not safely identify store assignment for repository candidate interface com.example.eSmartRecruit.repositories.UserRepos; If you want this repository to be a Redis repository, consider annotating your entities with one of these annotations: org.springframework.data.redis.core.RedisHash (preferred), or consider extending one of the following types with your repository: org.springframework.data.keyvalue.repository.KeyValueRepository
2023-12-05 02:58:50,535 INFO o.s.d.r.c.RepositoryConfigurationDelegate [main] Finished Spring Data repository scanning in 13 ms. Found 0 Redis repository interfaces.
2023-12-05 02:58:51,875 INFO o.s.b.w.e.t.TomcatWebServer [main] Tomcat initialized with port(s): 8080 (http)
2023-12-05 02:58:51,890 INFO o.a.c.c.StandardService [main] Starting service [Tomcat]
2023-12-05 02:58:51,891 INFO o.a.c.c.StandardEngine [main] Starting Servlet engine: [Apache Tomcat/10.1.13]
2023-12-05 02:58:52,007 INFO o.a.c.c.C.[.[.[/] [main] Initializing Spring embedded WebApplicationContext
2023-12-05 02:58:52,008 INFO o.s.b.w.s.c.ServletWebServerApplicationContext [main] Root WebApplicationContext: initialization completed in 3025 ms
2023-12-05 02:58:52,454 INFO o.h.j.i.u.LogHelper [main] HHH000204: Processing PersistenceUnitInfo [name: default]
2023-12-05 02:58:52,580 INFO o.h.Version [main] HHH000412: Hibernate ORM core version 6.2.9.Final
2023-12-05 02:58:52,584 INFO o.h.c.Environment [main] HHH000406: Using bytecode reflection optimizer
2023-12-05 02:58:52,741 INFO o.h.b.i.BytecodeProviderInitiator [main] HHH000021: Bytecode provider name : bytebuddy
2023-12-05 02:58:52,950 INFO o.s.o.j.p.SpringPersistenceUnitInfo [main] No LoadTimeWeaver setup: ignoring JPA class transformer
2023-12-05 02:58:52,975 INFO c.z.h.HikariDataSource [main] HikariPool-1 - Starting...
2023-12-05 02:58:55,870 INFO c.z.h.p.HikariPool [main] HikariPool-1 - Added connection com.mysql.cj.jdbc.ConnectionImpl@2b5183ec
2023-12-05 02:58:55,875 INFO c.z.h.HikariDataSource [main] HikariPool-1 - Start completed.
2023-12-05 02:58:56,188 WARN o.h.o.deprecation [main] HHH90000026: MySQL8Dialect has been deprecated; use org.hibernate.dialect.MySQLDialect instead
2023-12-05 02:58:56,559 INFO o.h.b.i.BytecodeProviderInitiator [main] HHH000021: Bytecode provider name : bytebuddy
2023-12-05 02:58:58,459 INFO o.s.o.j.LocalContainerEntityManagerFactoryBean [main] Initialized JPA EntityManagerFactory for persistence unit 'default'
2023-12-05 02:58:59,346 DEBUG c.e.e.c.JwtAuthenticationFilter [main] Filter 'jwtAuthenticationFilter' configured for use
2023-12-05 02:58:59,889 WARN o.s.b.a.o.j.JpaBaseConfiguration$JpaWebConfiguration [main] spring.jpa.open-in-view is enabled by default. Therefore, database queries may be performed during view rendering. Explicitly configure spring.jpa.open-in-view to disable this warning
2023-12-05 02:59:00,428 INFO o.s.s.w.DefaultSecurityFilterChain [main] Will secure any request with [org.springframework.security.web.session.DisableEncodeUrlFilter@c568f91, org.springframework.security.web.context.request.async.WebAsyncManagerIntegrationFilter@5fd43e58, org.springframework.security.web.context.SecurityContextHolderFilter@2d130ac4, org.springframework.security.web.header.HeaderWriterFilter@497ed877, org.springframework.security.web.authentication.logout.LogoutFilter@48e41b5d, com.example.eSmartRecruit.config.JwtAuthenticationFilter@5fed9976, org.springframework.security.web.savedrequest.RequestCacheAwareFilter@194012a2, org.springframework.security.web.servletapi.SecurityContextHolderAwareRequestFilter@60591e1b, org.springframework.security.web.authentication.AnonymousAuthenticationFilter@70d4f672, org.springframework.security.web.session.SessionManagementFilter@a91119b, org.springframework.security.web.access.ExceptionTranslationFilter@69a5c6be, org.springframework.security.web.access.intercept.AuthorizationFilter@7f4a1cac]
2023-12-05 02:59:01,117 INFO o.s.b.w.e.t.TomcatWebServer [main] Tomcat started on port(s): 8080 (http) with context path ''
2023-12-05 02:59:01,133 INFO c.e.e.ESmartRecruitApplication [main] Started ESmartRecruitApplication in 12.718 seconds (process running for 13.808)
2023-12-05 03:00:00,784 INFO o.a.c.c.C.[.[.[/] [http-nio-8080-exec-1] Initializing Spring DispatcherServlet 'dispatcherServlet'
2023-12-05 03:00:00,785 INFO o.s.w.s.DispatcherServlet [http-nio-8080-exec-1] Initializing Servlet 'dispatcherServlet'
2023-12-05 03:00:00,790 INFO o.s.w.s.DispatcherServlet [http-nio-8080-exec-1] Completed initialization in 3 ms
2023-12-05 03:00:26,985 DEBUG c.e.e.a.LogAspect [http-nio-8080-exec-4] Enter: com.example.eSmartRecruit.controllers.candidate.CandidateController.home() with argument[s] = []
2023-12-05 03:00:26,986 DEBUG c.e.e.a.LogAspect [http-nio-8080-exec-4] Enter: com.example.eSmartRecruit.services.impl.PositionService.getAllPosition() with argument[s] = []
2023-12-05 03:00:28,946 DEBUG c.e.e.a.LogAspect [http-nio-8080-exec-4] Exit: com.example.eSmartRecruit.services.impl.PositionService.getAllPosition() with result = [Position(id=1, title=Front-end Dev, jobDescription=abc, jobRequirements=abc, salary=1000, postDate=2023-10-26, expireDate=2024-10-26, updateDate=null, location=fpt), Position(id=2, title=Back-end Dev, jobDescription=bcd, jobRequirements=bcd, salary=2000, postDate=2023-10-25, expireDate=2024-10-25, updateDate=null, location=fpt)]
2023-12-05 03:00:28,966 DEBUG c.e.e.a.LogAspect [http-nio-8080-exec-4] Exit: com.example.eSmartRecruit.controllers.candidate.CandidateController.home() with result = <200 OK OK,ResponseObject(status=SUCCESS, message=List Position Successfully, data=[Position(id=1, title=Front-end Dev, jobDescription=abc, jobRequirements=abc, salary=1000, postDate=2023-10-26, expireDate=2024-10-26, updateDate=null, location=fpt), Position(id=2, title=Back-end Dev, jobDescription=bcd, jobRequirements=bcd, salary=2000, postDate=2023-10-25, expireDate=2024-10-25, updateDate=null, location=fpt)]),[]>
